[0m11:32:45.040761 [debug] [MainThread]: Sending event: {'category': 'dbt', 'action': 'invocation', 'label': 'start', 'context': [<snowplow_tracker.self_describing_json.SelfDescribingJson object at 0x00000294781A6D10>, <snowplow_tracker.self_describing_json.SelfDescribingJson object at 0x0000029479514550>, <snowplow_tracker.self_describing_json.SelfDescribingJson object at 0x00000294795539D0>]}


============================== 11:32:45.073152 | c5b489b0-ad1c-48e0-a979-9b90908a6f93 ==============================
[0m11:32:45.073152 [info ] [MainThread]: Running with dbt=1.11.8
[0m11:32:45.073152 [debug] [MainThread]: running dbt with arguments {'printer_width': '80', 'target_path': 'None', 'cache_selected_only': 'False', 'warn_error': 'None', 'profiles_dir': 'C:\\Users\\Divya Sharma\\.dbt', 'debug': 'False', 'static_parser': 'True', 'log_cache_events': 'False', 'empty': 'None', 'quiet': 'False', 'log_format': 'default', 'use_colors': 'True', 'partial_parse': 'True', 'version_check': 'True', 'log_path': 'logs', 'introspect': 'True', 'invocation_command': 'dbt init dbt_project', 'fail_fast': 'False', 'warn_error_options': 'WarnErrorOptionsV2(error=[], warn=[], silence=[])', 'no_print': 'None', 'send_anonymous_usage_stats': 'True', 'indirect_selection': 'eager', 'use_experimental_parser': 'False', 'write_json': 'True'}
[0m11:32:45.130689 [debug] [MainThread]: Starter project path: C:\Users\Divya Sharma\AppData\Local\Programs\Python\Python311\Lib\site-packages\dbt\include\starter_project
[0m11:32:45.264755 [info ] [MainThread]: 
Your new dbt project "dbt_project" was created!

For more information on how to configure the profiles.yml file,
please consult the dbt documentation here:

  https://docs.getdbt.com/docs/configure-your-profile

One more thing:

Need help? Don't hesitate to reach out to us via GitHub issues or on Slack:

  https://community.getdbt.com/

Happy modeling!

[0m11:32:45.264755 [info ] [MainThread]: Setting up your profile.
[0m11:32:56.959405 [debug] [MainThread]: Snowflake adapter: Setting snowflake.connector to ERROR (file logging only)
[0m11:32:56.959405 [debug] [MainThread]: Snowflake adapter: Setting botocore to ERROR (file logging only)
[0m11:32:56.961417 [debug] [MainThread]: Snowflake adapter: Setting boto3 to ERROR (file logging only)
[0m11:38:56.387419 [info ] [MainThread]: Profile dbt_project written to C:\Users\Divya Sharma\.dbt\profiles.yml using target's profile_template.yml and your supplied values. Run 'dbt debug' to validate the connection.
[0m11:38:56.392728 [debug] [MainThread]: Command `dbt init` succeeded at 11:38:56.392728 after 371.49 seconds
[0m11:38:56.394674 [debug] [MainThread]: Sending event: {'category': 'dbt', 'action': 'invocation', 'label': 'end', 'context': [<snowplow_tracker.self_describing_json.SelfDescribingJson object at 0x0000029471A95ED0>, <snowplow_tracker.self_describing_json.SelfDescribingJson object at 0x00000294717BFA50>, <snowplow_tracker.self_describing_json.SelfDescribingJson object at 0x00000294717BF890>]}
[0m11:38:56.395845 [debug] [MainThread]: Flushing usage events
[0m11:38:57.816256 [debug] [MainThread]: An error was encountered while trying to flush usage events
